<?xml version="1.0" encoding="UTF-8"?>
<testng-results ignored="0" total="4" passed="4" failed="0" skipped="0">
  <reporter-output>
  </reporter-output>
  <suite started-at="2023-07-17T22:56:05 IST" name="Suite" finished-at="2023-07-17T22:56:18 IST" duration-ms="12756">
    <groups>
    </groups>
    <test started-at="2023-07-17T22:56:05 IST" name="Test" finished-at="2023-07-17T22:56:18 IST" duration-ms="12756">
      <class name="ltim.practise2.BaseTest">
        <test-method is-config="true" signature="launchURL()[pri:0, instance:ltim.practise2.BaseTest@217ed35e]" started-at="2023-07-17T22:55:53 IST" name="launchURL" finished-at="2023-07-17T22:56:05 IST" duration-ms="11988" status="PASS">
          <reporter-output>
          </reporter-output>
        </test-method> <!-- launchURL -->
        <test-method is-config="true" signature="afterSuite()[pri:0, instance:ltim.practise2.BaseTest@217ed35e]" started-at="2023-07-17T22:56:18 IST" name="afterSuite" finished-at="2023-07-17T22:56:21 IST" duration-ms="3449" status="PASS">
          <reporter-output>
          </reporter-output>
        </test-method> <!-- afterSuite -->
      </class> <!-- ltim.practise2.BaseTest -->
      <class name="ltim.practise2.TestApp">
        <test-method signature="isSiteLoaded()[pri:0, instance:ltim.practise2.TestApp@4d1c00d0]" started-at="2023-07-17T22:56:05 IST" name="isSiteLoaded" finished-at="2023-07-17T22:56:05 IST" duration-ms="124" status="PASS">
          <reporter-output>
          </reporter-output>
        </test-method> <!-- isSiteLoaded -->
        <test-method signature="searchProcuct()[pri:1, instance:ltim.practise2.TestApp@4d1c00d0]" started-at="2023-07-17T22:56:05 IST" name="searchProcuct" finished-at="2023-07-17T22:56:10 IST" duration-ms="4869" status="PASS">
          <reporter-output>
          </reporter-output>
        </test-method> <!-- searchProcuct -->
        <test-method signature="listOfIhones()[pri:2, instance:ltim.practise2.TestApp@4d1c00d0]" started-at="2023-07-17T22:56:10 IST" name="listOfIhones" finished-at="2023-07-17T22:56:18 IST" duration-ms="7463" status="PASS">
          <reporter-output>
          </reporter-output>
        </test-method> <!-- listOfIhones -->
        <test-method signature="isInStock()[pri:3, instance:ltim.practise2.TestApp@4d1c00d0]" started-at="2023-07-17T22:56:18 IST" name="isInStock" finished-at="2023-07-17T22:56:18 IST" duration-ms="218" status="PASS">
          <reporter-output>
          </reporter-output>
        </test-method> <!-- isInStock -->
      </class> <!-- ltim.practise2.TestApp -->
    </test> <!-- Test -->
  </suite> <!-- Suite -->
</testng-results>
