<?xml version="1.0" encoding="UTF-8"?>
<testng-results ignored="0" total="4" passed="4" failed="0" skipped="0">
  <reporter-output>
  </reporter-output>
  <suite started-at="2023-07-17T23:06:01 IST" name="Suite" finished-at="2023-07-17T23:06:12 IST" duration-ms="11130">
    <groups>
    </groups>
    <test started-at="2023-07-17T23:06:01 IST" name="Test" finished-at="2023-07-17T23:06:12 IST" duration-ms="11130">
      <class name="ltim.practise2.BaseTest">
        <test-method is-config="true" signature="launchURL()[pri:0, instance:ltim.practise2.BaseTest@217ed35e]" started-at="2023-07-17T23:05:50 IST" name="launchURL" finished-at="2023-07-17T23:06:01 IST" duration-ms="11077" status="PASS">
          <reporter-output>
          </reporter-output>
        </test-method> <!-- launchURL -->
        <test-method is-config="true" signature="afterSuite()[pri:0, instance:ltim.practise2.BaseTest@217ed35e]" started-at="2023-07-17T23:06:12 IST" name="afterSuite" finished-at="2023-07-17T23:06:15 IST" duration-ms="3435" status="PASS">
          <reporter-output>
          </reporter-output>
        </test-method> <!-- afterSuite -->
      </class> <!-- ltim.practise2.BaseTest -->
      <class name="ltim.practise2.TestApp">
        <test-method signature="isSiteLoaded()[pri:0, instance:ltim.practise2.TestApp@4d1c00d0]" started-at="2023-07-17T23:06:01 IST" name="isSiteLoaded" finished-at="2023-07-17T23:06:01 IST" duration-ms="21" status="PASS">
          <reporter-output>
          </reporter-output>
        </test-method> <!-- isSiteLoaded -->
        <test-method signature="searchProcuct()[pri:1, instance:ltim.practise2.TestApp@4d1c00d0]" started-at="2023-07-17T23:06:01 IST" name="searchProcuct" finished-at="2023-07-17T23:06:04 IST" duration-ms="3427" status="PASS">
          <reporter-output>
          </reporter-output>
        </test-method> <!-- searchProcuct -->
        <test-method signature="listOfIhones()[pri:2, instance:ltim.practise2.TestApp@4d1c00d0]" started-at="2023-07-17T23:06:04 IST" name="listOfIhones" finished-at="2023-07-17T23:06:11 IST" duration-ms="7161" status="PASS">
          <reporter-output>
          </reporter-output>
        </test-method> <!-- listOfIhones -->
        <test-method signature="isInStock()[pri:3, instance:ltim.practise2.TestApp@4d1c00d0]" started-at="2023-07-17T23:06:11 IST" name="isInStock" finished-at="2023-07-17T23:06:12 IST" duration-ms="454" status="PASS">
          <reporter-output>
          </reporter-output>
        </test-method> <!-- isInStock -->
      </class> <!-- ltim.practise2.TestApp -->
    </test> <!-- Test -->
  </suite> <!-- Suite -->
</testng-results>
