<?xml version="1.0" encoding="UTF-8"?>
<!-- Generated by org.testng.reporters.JUnitXMLReporter -->
<testsuite ignored="2" hostname="AKSHAY" failures="0" tests="4" name="Test" time="18.996" errors="0" timestamp="2023-07-17T22:46:03 IST">
  <testcase classname="ltim.practise2.TestApp" name="isSiteLoaded" time="0.207"/>
  <testcase classname="ltim.practise2.TestApp" name="searchProcuct" time="3.527"/>
  <testcase classname="ltim.practise2.TestApp" name="listOfIhones" time="14.938"/>
  <testcase classname="ltim.practise2.TestApp" name="isInStock" time="0.219"/>
  <testcase classname="ltim.practise2.BaseTest" name="@AfterSuite afterSuite" time="0.0">
    <ignored/>
  </testcase> <!-- @AfterSuite afterSuite -->
  <testcase classname="ltim.practise2.BaseTest" name="@BeforeSuite launchURL" time="0.0">
    <ignored/>
  </testcase> <!-- @BeforeSuite launchURL -->
</testsuite> <!-- Test -->
