<?xml version="1.0" encoding="UTF-8"?>
<!-- Generated by org.testng.reporters.JUnitXMLReporter -->
<testsuite ignored="2" hostname="AKSHAY" failures="0" tests="4" name="Test" time="12.756" errors="0" timestamp="2023-07-17T22:56:18 IST">
  <testcase classname="ltim.practise2.TestApp" name="isSiteLoaded" time="0.124"/>
  <testcase classname="ltim.practise2.TestApp" name="searchProcuct" time="4.869"/>
  <testcase classname="ltim.practise2.TestApp" name="listOfIhones" time="7.463"/>
  <testcase classname="ltim.practise2.TestApp" name="isInStock" time="0.218"/>
  <testcase classname="ltim.practise2.BaseTest" name="@AfterSuite afterSuite" time="0.0">
    <ignored/>
  </testcase> <!-- @AfterSuite afterSuite -->
  <testcase classname="ltim.practise2.BaseTest" name="@BeforeSuite launchURL" time="0.0">
    <ignored/>
  </testcase> <!-- @BeforeSuite launchURL -->
</testsuite> <!-- Test -->
